{
  "timestamp": "2025-03-01T20:43:06.503Z",
  "tipo": "INFO",
  "mensagem": "Servidor iniciado na porta 3001",
  "dados": null
}
{
  "timestamp": "2025-03-01T20:43:06.507Z",
  "tipo": "INFO",
  "mensagem": "URL do webhook: http://localhost:3001/webhook",
  "dados": null
}
{
  "timestamp": "2025-03-01T20:43:06.509Z",
  "tipo": "INFO",
  "mensagem": "Token de verificação: oticadavi2024",
  "dados": null
}
{
  "timestamp": "2025-03-01T20:43:06.510Z",
  "tipo": "INFO",
  "mensagem": "Para testar, exponha este servidor com Ngrok e configure o webhook do WhatsApp",
  "dados": null
}
